<?xml version="1.0" encoding="UTF-8"?>
<!-- Generated by org.testng.reporters.JUnitReportReporter -->
<testsuite hostname="LAPTOP-URD1L83F" failures="0" tests="1" name="practice.testngpractice" time="0.009" errors="0" timestamp="2023-02-22T15:11:02 IST" skipped="0">
  <testcase classname="practice.testngpractice" name="testscript" time="0.009"/>
  <system-out/>
</testsuite> <!-- practice.testngpractice -->
