<?xml version="1.0" encoding="UTF-8"?>
<!-- Generated by org.testng.reporters.JUnitReportReporter -->
<testsuite hostname="LAPTOP-URD1L83F" failures="0" tests="10" name="practice.dataproviderpractice" time="0.042" errors="0" timestamp="2023-02-24T12:47:44 IST" skipped="0">
  <testcase classname="practice.dataproviderpractice" name="admintest" time="0.003"/>
  <system-out/>
  <testcase classname="practice.dataproviderpractice" name="admintest" time="0.004"/>
  <system-out/>
  <testcase classname="practice.dataproviderpractice" name="admintest" time="0.001"/>
  <system-out/>
  <testcase classname="practice.dataproviderpractice" name="admintest" time="0.006"/>
  <system-out/>
  <testcase classname="practice.dataproviderpractice" name="admintest" time="0.004"/>
  <system-out/>
  <testcase classname="practice.dataproviderpractice" name="admintest" time="0.004"/>
  <system-out/>
  <testcase classname="practice.dataproviderpractice" name="admintest" time="0.003"/>
  <system-out/>
  <testcase classname="practice.dataproviderpractice" name="admintest" time="0.006"/>
  <system-out/>
  <testcase classname="practice.dataproviderpractice" name="admintest" time="0.002"/>
  <system-out/>
  <testcase classname="practice.dataproviderpractice" name="admintest" time="0.009"/>
  <system-out/>
</testsuite> <!-- practice.dataproviderpractice -->
