<?xml version="1.0" encoding="UTF-8"?>
<!-- Generated by org.testng.reporters.JUnitReportReporter -->
<testsuite hostname="LAPTOP-URD1L83F" failures="0" tests="1" name="practice.practiceclass" time="2.890" errors="0" timestamp="2023-03-01T14:24:19 IST" skipped="0">
  <testcase classname="practice.practiceclass" name="test" time="2.890"/>
  <system-out/>
</testsuite> <!-- practice.practiceclass -->
