<?xml version="1.0" encoding="UTF-8"?>
<!-- Generated by org.testng.reporters.JUnitReportReporter -->
<testsuite hostname="LAPTOP-URD1L83F" failures="0" tests="1" name="practice.practice_class" time="0.011" errors="0" timestamp="2023-03-05T21:46:59 IST" skipped="0">
  <testcase classname="practice.practice_class" name="listener" time="0.011"/>
  <system-out/>
</testsuite> <!-- practice.practice_class -->
