<?xml version="1.0" encoding="UTF-8"?>
<!-- Generated by org.testng.reporters.JUnitReportReporter -->
<testsuite hostname="LAPTOP-URD1L83F" failures="0" tests="1" name="practice.testngpractice2" time="0.002" errors="0" timestamp="2023-02-22T14:54:00 IST" skipped="0">
  <testcase classname="practice.testngpractice2" name="testscript" time="0.002"/>
  <system-out/>
</testsuite> <!-- practice.testngpractice2 -->
