<?xml version="1.0" encoding="UTF-8"?>
<!-- Generated by org.testng.reporters.JUnitReportReporter -->
<testsuite hostname="LAPTOP-URD1L83F" failures="0" tests="1" name="edu.growlife.organization_chief.add_student_login_as_parent_and_see_profile" time="17.730" errors="0" timestamp="2023-03-03T11:10:35 IST" skipped="0">
  <testcase classname="edu.growlife.organization_chief.add_student_login_as_parent_and_see_profile" name="add_student_login_as_parent_and_see_profiles" time="17.730"/>
  <system-out/>
</testsuite> <!-- edu.growlife.organization_chief.add_student_login_as_parent_and_see_profile -->
